Games/TilePuzzle/Android/app/build/intermediates/manifest_merge_blame_file/release/manifest-merger-blame-release-report.txt
1<?xml version="1.0" encoding="utf-8"?>
2<manifest xmlns:android="http://schemas.android.com/apk/res/android"
3    package="com.zenith.tilepuzzle"
4    android:versionCode="1"
5    android:versionName="1.0" >
6
7    <uses-sdk
8        android:minSdkVersion="26"
9        android:targetSdkVersion="34" />
10
11    <application
11-->src\main\AndroidManifest.xml:4:2-23:16
12        android:extractNativeLibs="false"
13        android:hasCode="false"
13-->src\main\AndroidManifest.xml:5:3-26
14        android:label="@string/app_name"
14-->src\main\AndroidManifest.xml:6:3-35
15        android:testOnly="true" >
16        <activity
16-->src\main\AndroidManifest.xml:8:3-22:14
17            android:name="android.app.NativeActivity"
17-->src\main\AndroidManifest.xml:9:4-45
18            android:configChanges="orientation|screenSize|screenLayout|keyboardHidden"
18-->src\main\AndroidManifest.xml:10:4-78
19            android:exported="true"
19-->src\main\AndroidManifest.xml:11:4-27
20            android:screenOrientation="portrait" >
20-->src\main\AndroidManifest.xml:12:4-40
21            <meta-data
21-->src\main\AndroidManifest.xml:14:4-16:34
22                android:name="android.app.lib_name"
22-->src\main\AndroidManifest.xml:15:5-40
23                android:value="tilepuzzle" />
23-->src\main\AndroidManifest.xml:16:5-31
24
25            <intent-filter>
25-->src\main\AndroidManifest.xml:18:4-21:20
26                <action android:name="android.intent.action.MAIN" />
26-->src\main\AndroidManifest.xml:19:5-57
26-->src\main\AndroidManifest.xml:19:13-54
27
28                <category android:name="android.intent.category.LAUNCHER" />
28-->src\main\AndroidManifest.xml:20:5-65
28-->src\main\AndroidManifest.xml:20:15-62
29            </intent-filter>
30        </activity>
31    </application>
32
33</manifest>